<?xml version="1.0" encoding="UTF-8"?>
<robot generator="Robot 4.1 (Python 3.7.0 on win32)" generated="20210927 16:54:02.686" rpa="false" schemaversion="2">
<suite id="s1" name="Main testing" source="C:\Users\bb\Desktop\idok_headers\Idok\Main_testing.robot">
<test id="s1-t1" name="First Test Case">
<kw name="Start browser and maximize" library="Open_browser" type="SETUP">
<arg>${URL}</arg>
<arg>${Browserr}</arg>
<kw name="Open Browser" library="Selenium2Library">
<arg>${URL}</arg>
<arg>${Browserr}</arg>
<doc>Opens a new browser instance to the optional ``url``.</doc>
<msg timestamp="20210927 16:54:02.989" level="INFO">Opening browser 'firefox' to base url 'https://www.idokep.hu/idojaras/Budapest'.</msg>
<msg timestamp="20210927 16:54:02.992" level="INFO">Firefox driver log is always forced to to: C:\Users\bb\Desktop\idok_headers\Idok\log\geckodriver-1.log</msg>
<status status="PASS" starttime="20210927 16:54:02.988" endtime="20210927 16:54:12.061"/>
</kw>
<kw name="Maximize Browser Window" library="Selenium2Library">
<doc>Maximizes current browser window.</doc>
<status status="PASS" starttime="20210927 16:54:12.061" endtime="20210927 16:54:12.317"/>
</kw>
<status status="PASS" starttime="20210927 16:54:02.988" endtime="20210927 16:54:12.317"/>
</kw>
<kw name="Deselect all cookies" library="Accept_cookies">
<kw name="Wait Until Page Contains" library="Selenium2Library">
<arg>${contain_cooki_Preferencies}</arg>
<doc>Waits until ``text`` appears on the current page.</doc>
<status status="PASS" starttime="20210927 16:54:12.318" endtime="20210927 16:54:12.646"/>
</kw>
<kw name="Capture Page Screenshot" library="Selenium2Library">
<arg>filename=Deselect_all.png</arg>
<doc>Takes a screenshot of the current page and embeds it into a log file.</doc>
<msg timestamp="20210927 16:54:13.046" level="INFO" html="true">&lt;/td&gt;&lt;/tr&gt;&lt;tr&gt;&lt;td colspan="3"&gt;&lt;a href="Deselect_all.png"&gt;&lt;img src="Deselect_all.png" width="800px"&gt;&lt;/a&gt;</msg>
<status status="PASS" starttime="20210927 16:54:12.647" endtime="20210927 16:54:13.046"/>
</kw>
<kw name="Click Element" library="Selenium2Library">
<arg>${Accept_button}</arg>
<doc>Click the element identified by ``locator``.</doc>
<msg timestamp="20210927 16:54:13.047" level="INFO">Clicking element 'id:CybotCookiebotDialogBodyLevelButtonLevelOptinAllowallSelection'.</msg>
<status status="PASS" starttime="20210927 16:54:13.047" endtime="20210927 16:54:13.278"/>
</kw>
<status status="PASS" starttime="20210927 16:54:12.317" endtime="20210927 16:54:13.278"/>
</kw>
<kw name="Test header buttons" library="Check_footer_content">
<for flavor="IN">
<var>${current_header}</var>
<value>@{header_ids}</value>
<iter>
<var name="${current_header}">Előrejelzés</var>
<kw name="Sleep" library="BuiltIn">
<arg>2s</arg>
<doc>Pauses the test executed for the given time.</doc>
<msg timestamp="20210927 16:54:15.285" level="INFO">Slept 2 seconds</msg>
<status status="PASS" starttime="20210927 16:54:13.280" endtime="20210927 16:54:15.285"/>
</kw>
<kw name="Execute Javascript" library="Selenium2Library">
<arg>window.scrollTo(${custom_scroll}, 0)</arg>
<doc>Executes the given JavaScript code with possible arguments.</doc>
<msg timestamp="20210927 16:54:15.286" level="INFO">Executing JavaScript:
window.scrollTo(15000, 0)
Without any arguments.</msg>
<status status="PASS" starttime="20210927 16:54:15.285" endtime="20210927 16:54:15.323"/>
</kw>
<kw name="Execute Javascript" library="Selenium2Library">
<arg>window.scrollTo(${custom_scroll}, 0)</arg>
<doc>Executes the given JavaScript code with possible arguments.</doc>
<msg timestamp="20210927 16:54:15.324" level="INFO">Executing JavaScript:
window.scrollTo(15000, 0)
Without any arguments.</msg>
<status status="PASS" starttime="20210927 16:54:15.324" endtime="20210927 16:54:15.333"/>
</kw>
<kw name="Sleep" library="BuiltIn">
<arg>2s</arg>
<doc>Pauses the test executed for the given time.</doc>
<msg timestamp="20210927 16:54:17.334" level="INFO">Slept 2 seconds</msg>
<status status="PASS" starttime="20210927 16:54:15.334" endtime="20210927 16:54:17.334"/>
</kw>
<kw name="Click Element" library="Selenium2Library">
<arg>xpath://a[text()="${current_header}"]</arg>
<doc>Click the element identified by ``locator``.</doc>
<msg timestamp="20210927 16:54:17.335" level="INFO">Clicking element 'xpath://a[text()="Előrejelzés"]'.</msg>
<status status="PASS" starttime="20210927 16:54:17.334" endtime="20210927 16:54:18.062"/>
</kw>
<kw name="Sleep" library="BuiltIn">
<arg>1s</arg>
<doc>Pauses the test executed for the given time.</doc>
<msg timestamp="20210927 16:54:19.071" level="INFO">Slept 1 second</msg>
<status status="PASS" starttime="20210927 16:54:18.063" endtime="20210927 16:54:19.071"/>
</kw>
<kw name="Execute Javascript" library="Selenium2Library">
<arg>window.scrollTo(0, ${custom_scroll})</arg>
<doc>Executes the given JavaScript code with possible arguments.</doc>
<msg timestamp="20210927 16:54:19.072" level="INFO">Executing JavaScript:
window.scrollTo(0, 15000)
Without any arguments.</msg>
<status status="PASS" starttime="20210927 16:54:19.071" endtime="20210927 16:54:19.090"/>
</kw>
<kw name="Sleep" library="BuiltIn">
<arg>1s</arg>
<doc>Pauses the test executed for the given time.</doc>
<msg timestamp="20210927 16:54:20.099" level="INFO">Slept 1 second</msg>
<status status="PASS" starttime="20210927 16:54:19.090" endtime="20210927 16:54:20.099"/>
</kw>
<kw name="Execute Javascript" library="Selenium2Library">
<arg>window.scrollTo(0, ${custom_scroll})</arg>
<doc>Executes the given JavaScript code with possible arguments.</doc>
<msg timestamp="20210927 16:54:20.100" level="INFO">Executing JavaScript:
window.scrollTo(0, 15000)
Without any arguments.</msg>
<status status="PASS" starttime="20210927 16:54:20.099" endtime="20210927 16:54:20.105"/>
</kw>
<kw name="Check footer content" library="Check_footer_content">
<arg>${current_header}</arg>
<for flavor="IN">
<var>${footer_link}</var>
<value>@{page_should_contains}</value>
<iter>
<var name="${footer_link}">Impresszum</var>
<kw name="Page Should Contain" library="Selenium2Library">
<arg>${footer_link}</arg>
<doc>Verifies that current page contains ``text``.</doc>
<msg timestamp="20210927 16:54:20.144" level="INFO">Current page contains text 'Impresszum'.</msg>
<status status="PASS" starttime="20210927 16:54:20.106" endtime="20210927 16:54:20.145"/>
</kw>
<status status="PASS" starttime="20210927 16:54:20.106" endtime="20210927 16:54:20.145"/>
</iter>
<iter>
<var name="${footer_link}">Médiaajánlat</var>
<kw name="Page Should Contain" library="Selenium2Library">
<arg>${footer_link}</arg>
<doc>Verifies that current page contains ``text``.</doc>
<msg timestamp="20210927 16:54:20.163" level="INFO">Current page contains text 'Médiaajánlat'.</msg>
<status status="PASS" starttime="20210927 16:54:20.145" endtime="20210927 16:54:20.163"/>
</kw>
<status status="PASS" starttime="20210927 16:54:20.145" endtime="20210927 16:54:20.163"/>
</iter>
<iter>
<var name="${footer_link}">ÁSZF</var>
<kw name="Page Should Contain" library="Selenium2Library">
<arg>${footer_link}</arg>
<doc>Verifies that current page contains ``text``.</doc>
<msg timestamp="20210927 16:54:20.181" level="INFO">Current page contains text 'ÁSZF'.</msg>
<status status="PASS" starttime="20210927 16:54:20.163" endtime="20210927 16:54:20.181"/>
</kw>
<status status="PASS" starttime="20210927 16:54:20.163" endtime="20210927 16:54:20.181"/>
</iter>
<iter>
<var name="${footer_link}">Adatkezelési Tájékoztató</var>
<kw name="Page Should Contain" library="Selenium2Library">
<arg>${footer_link}</arg>
<doc>Verifies that current page contains ``text``.</doc>
<msg timestamp="20210927 16:54:20.195" level="INFO">Current page contains text 'Adatkezelési Tájékoztató'.</msg>
<status status="PASS" starttime="20210927 16:54:20.181" endtime="20210927 16:54:20.196"/>
</kw>
<status status="PASS" starttime="20210927 16:54:20.181" endtime="20210927 16:54:20.196"/>
</iter>
<iter>
<var name="${footer_link}">Elvihető tartalmak</var>
<kw name="Page Should Contain" library="Selenium2Library">
<arg>${footer_link}</arg>
<doc>Verifies that current page contains ``text``.</doc>
<msg timestamp="20210927 16:54:20.212" level="INFO">Current page contains text 'Elvihető tartalmak'.</msg>
<status status="PASS" starttime="20210927 16:54:20.196" endtime="20210927 16:54:20.212"/>
</kw>
<status status="PASS" starttime="20210927 16:54:20.196" endtime="20210927 16:54:20.212"/>
</iter>
<status status="PASS" starttime="20210927 16:54:20.105" endtime="20210927 16:54:20.212"/>
</for>
<for flavor="IN">
<var>${BIO_link}</var>
<value>@{page_should_contains_link}</value>
<iter>
<var name="${BIO_link}">https://twitter.com/idokep</var>
<kw name="Page Should Contain Link" library="Selenium2Library">
<arg>${BIO_link}</arg>
<doc>Verifies link identified by ``locator`` is found from current page.</doc>
<msg timestamp="20210927 16:54:20.219" level="INFO">Current page contains link 'https://twitter.com/idokep'.</msg>
<status status="PASS" starttime="20210927 16:54:20.213" endtime="20210927 16:54:20.219"/>
</kw>
<status status="PASS" starttime="20210927 16:54:20.213" endtime="20210927 16:54:20.219"/>
</iter>
<iter>
<var name="${BIO_link}">https://www.instagram.com/idokep</var>
<kw name="Page Should Contain Link" library="Selenium2Library">
<arg>${BIO_link}</arg>
<doc>Verifies link identified by ``locator`` is found from current page.</doc>
<msg timestamp="20210927 16:54:20.227" level="INFO">Current page contains link 'https://www.instagram.com/idokep'.</msg>
<status status="PASS" starttime="20210927 16:54:20.219" endtime="20210927 16:54:20.228"/>
</kw>
<status status="PASS" starttime="20210927 16:54:20.219" endtime="20210927 16:54:20.228"/>
</iter>
<iter>
<var name="${BIO_link}">https://www.facebook.com/idokep</var>
<kw name="Page Should Contain Link" library="Selenium2Library">
<arg>${BIO_link}</arg>
<doc>Verifies link identified by ``locator`` is found from current page.</doc>
<msg timestamp="20210927 16:54:20.234" level="INFO">Current page contains link 'https://www.facebook.com/idokep'.</msg>
<status status="PASS" starttime="20210927 16:54:20.228" endtime="20210927 16:54:20.234"/>
</kw>
<status status="PASS" starttime="20210927 16:54:20.228" endtime="20210927 16:54:20.234"/>
</iter>
<status status="PASS" starttime="20210927 16:54:20.212" endtime="20210927 16:54:20.234"/>
</for>
<kw name="Page Should Contain Element" library="Selenium2Library">
<arg>${validity_text}</arg>
<doc>Verifies that element ``locator`` is found on the current page.</doc>
<msg timestamp="20210927 16:54:20.238" level="INFO">Current page contains element 'xpath://*[@class="col-12 text-center text-md-right ik c-r pt-3 pt-md-0"]'.</msg>
<status status="PASS" starttime="20210927 16:54:20.234" endtime="20210927 16:54:20.238"/>
</kw>
<kw name="Capture Page Screenshot" library="Selenium2Library">
<arg>filename=${current_png_name}.png</arg>
<doc>Takes a screenshot of the current page and embeds it into a log file.</doc>
<msg timestamp="20210927 16:54:20.671" level="INFO" html="true">&lt;/td&gt;&lt;/tr&gt;&lt;tr&gt;&lt;td colspan="3"&gt;&lt;a href="El%C5%91rejelz%C3%A9s.png"&gt;&lt;img src="El%C5%91rejelz%C3%A9s.png" width="800px"&gt;&lt;/a&gt;</msg>
<status status="PASS" starttime="20210927 16:54:20.238" endtime="20210927 16:54:20.671"/>
</kw>
<status status="PASS" starttime="20210927 16:54:20.105" endtime="20210927 16:54:20.671"/>
</kw>
<status status="PASS" starttime="20210927 16:54:13.280" endtime="20210927 16:54:20.671"/>
</iter>
<iter>
<var name="${current_header}">Időkép</var>
<kw name="Sleep" library="BuiltIn">
<arg>2s</arg>
<doc>Pauses the test executed for the given time.</doc>
<msg timestamp="20210927 16:54:22.684" level="INFO">Slept 2 seconds</msg>
<status status="PASS" starttime="20210927 16:54:20.672" endtime="20210927 16:54:22.684"/>
</kw>
<kw name="Execute Javascript" library="Selenium2Library">
<arg>window.scrollTo(${custom_scroll}, 0)</arg>
<doc>Executes the given JavaScript code with possible arguments.</doc>
<msg timestamp="20210927 16:54:22.685" level="INFO">Executing JavaScript:
window.scrollTo(15000, 0)
Without any arguments.</msg>
<status status="PASS" starttime="20210927 16:54:22.684" endtime="20210927 16:54:22.690"/>
</kw>
<kw name="Execute Javascript" library="Selenium2Library">
<arg>window.scrollTo(${custom_scroll}, 0)</arg>
<doc>Executes the given JavaScript code with possible arguments.</doc>
<msg timestamp="20210927 16:54:22.690" level="INFO">Executing JavaScript:
window.scrollTo(15000, 0)
Without any arguments.</msg>
<status status="PASS" starttime="20210927 16:54:22.690" endtime="20210927 16:54:22.706"/>
</kw>
<kw name="Sleep" library="BuiltIn">
<arg>2s</arg>
<doc>Pauses the test executed for the given time.</doc>
<msg timestamp="20210927 16:54:24.708" level="INFO">Slept 2 seconds</msg>
<status status="PASS" starttime="20210927 16:54:22.706" endtime="20210927 16:54:24.708"/>
</kw>
<kw name="Click Element" library="Selenium2Library">
<arg>xpath://a[text()="${current_header}"]</arg>
<doc>Click the element identified by ``locator``.</doc>
<msg timestamp="20210927 16:54:24.709" level="INFO">Clicking element 'xpath://a[text()="Időkép"]'.</msg>
<status status="PASS" starttime="20210927 16:54:24.708" endtime="20210927 16:54:25.103"/>
</kw>
<kw name="Sleep" library="BuiltIn">
<arg>1s</arg>
<doc>Pauses the test executed for the given time.</doc>
<msg timestamp="20210927 16:54:26.111" level="INFO">Slept 1 second</msg>
<status status="PASS" starttime="20210927 16:54:25.104" endtime="20210927 16:54:26.111"/>
</kw>
<kw name="Execute Javascript" library="Selenium2Library">
<arg>window.scrollTo(0, ${custom_scroll})</arg>
<doc>Executes the given JavaScript code with possible arguments.</doc>
<msg timestamp="20210927 16:54:26.112" level="INFO">Executing JavaScript:
window.scrollTo(0, 15000)
Without any arguments.</msg>
<status status="PASS" starttime="20210927 16:54:26.111" endtime="20210927 16:54:26.122"/>
</kw>
<kw name="Sleep" library="BuiltIn">
<arg>1s</arg>
<doc>Pauses the test executed for the given time.</doc>
<msg timestamp="20210927 16:54:27.126" level="INFO">Slept 1 second</msg>
<status status="PASS" starttime="20210927 16:54:26.122" endtime="20210927 16:54:27.126"/>
</kw>
<kw name="Execute Javascript" library="Selenium2Library">
<arg>window.scrollTo(0, ${custom_scroll})</arg>
<doc>Executes the given JavaScript code with possible arguments.</doc>
<msg timestamp="20210927 16:54:27.127" level="INFO">Executing JavaScript:
window.scrollTo(0, 15000)
Without any arguments.</msg>
<status status="PASS" starttime="20210927 16:54:27.126" endtime="20210927 16:54:27.145"/>
</kw>
<kw name="Check footer content" library="Check_footer_content">
<arg>${current_header}</arg>
<for flavor="IN">
<var>${footer_link}</var>
<value>@{page_should_contains}</value>
<iter>
<var name="${footer_link}">Impresszum</var>
<kw name="Page Should Contain" library="Selenium2Library">
<arg>${footer_link}</arg>
<doc>Verifies that current page contains ``text``.</doc>
<msg timestamp="20210927 16:54:27.161" level="INFO">Current page contains text 'Impresszum'.</msg>
<status status="PASS" starttime="20210927 16:54:27.146" endtime="20210927 16:54:27.161"/>
</kw>
<status status="PASS" starttime="20210927 16:54:27.146" endtime="20210927 16:54:27.161"/>
</iter>
<iter>
<var name="${footer_link}">Médiaajánlat</var>
<kw name="Page Should Contain" library="Selenium2Library">
<arg>${footer_link}</arg>
<doc>Verifies that current page contains ``text``.</doc>
<msg timestamp="20210927 16:54:27.171" level="INFO">Current page contains text 'Médiaajánlat'.</msg>
<status status="PASS" starttime="20210927 16:54:27.161" endtime="20210927 16:54:27.171"/>
</kw>
<status status="PASS" starttime="20210927 16:54:27.161" endtime="20210927 16:54:27.171"/>
</iter>
<iter>
<var name="${footer_link}">ÁSZF</var>
<kw name="Page Should Contain" library="Selenium2Library">
<arg>${footer_link}</arg>
<doc>Verifies that current page contains ``text``.</doc>
<msg timestamp="20210927 16:54:27.182" level="INFO">Current page contains text 'ÁSZF'.</msg>
<status status="PASS" starttime="20210927 16:54:27.171" endtime="20210927 16:54:27.182"/>
</kw>
<status status="PASS" starttime="20210927 16:54:27.171" endtime="20210927 16:54:27.182"/>
</iter>
<iter>
<var name="${footer_link}">Adatkezelési Tájékoztató</var>
<kw name="Page Should Contain" library="Selenium2Library">
<arg>${footer_link}</arg>
<doc>Verifies that current page contains ``text``.</doc>
<msg timestamp="20210927 16:54:27.201" level="INFO">Current page contains text 'Adatkezelési Tájékoztató'.</msg>
<status status="PASS" starttime="20210927 16:54:27.183" endtime="20210927 16:54:27.201"/>
</kw>
<status status="PASS" starttime="20210927 16:54:27.182" endtime="20210927 16:54:27.201"/>
</iter>
<iter>
<var name="${footer_link}">Elvihető tartalmak</var>
<kw name="Page Should Contain" library="Selenium2Library">
<arg>${footer_link}</arg>
<doc>Verifies that current page contains ``text``.</doc>
<msg timestamp="20210927 16:54:27.224" level="INFO">Current page contains text 'Elvihető tartalmak'.</msg>
<status status="PASS" starttime="20210927 16:54:27.201" endtime="20210927 16:54:27.224"/>
</kw>
<status status="PASS" starttime="20210927 16:54:27.201" endtime="20210927 16:54:27.224"/>
</iter>
<status status="PASS" starttime="20210927 16:54:27.145" endtime="20210927 16:54:27.224"/>
</for>
<for flavor="IN">
<var>${BIO_link}</var>
<value>@{page_should_contains_link}</value>
<iter>
<var name="${BIO_link}">https://twitter.com/idokep</var>
<kw name="Page Should Contain Link" library="Selenium2Library">
<arg>${BIO_link}</arg>
<doc>Verifies link identified by ``locator`` is found from current page.</doc>
<msg timestamp="20210927 16:54:27.230" level="INFO">Current page contains link 'https://twitter.com/idokep'.</msg>
<status status="PASS" starttime="20210927 16:54:27.225" endtime="20210927 16:54:27.230"/>
</kw>
<status status="PASS" starttime="20210927 16:54:27.224" endtime="20210927 16:54:27.230"/>
</iter>
<iter>
<var name="${BIO_link}">https://www.instagram.com/idokep</var>
<kw name="Page Should Contain Link" library="Selenium2Library">
<arg>${BIO_link}</arg>
<doc>Verifies link identified by ``locator`` is found from current page.</doc>
<msg timestamp="20210927 16:54:27.236" level="INFO">Current page contains link 'https://www.instagram.com/idokep'.</msg>
<status status="PASS" starttime="20210927 16:54:27.230" endtime="20210927 16:54:27.236"/>
</kw>
<status status="PASS" starttime="20210927 16:54:27.230" endtime="20210927 16:54:27.236"/>
</iter>
<iter>
<var name="${BIO_link}">https://www.facebook.com/idokep</var>
<kw name="Page Should Contain Link" library="Selenium2Library">
<arg>${BIO_link}</arg>
<doc>Verifies link identified by ``locator`` is found from current page.</doc>
<msg timestamp="20210927 16:54:27.242" level="INFO">Current page contains link 'https://www.facebook.com/idokep'.</msg>
<status status="PASS" starttime="20210927 16:54:27.237" endtime="20210927 16:54:27.242"/>
</kw>
<status status="PASS" starttime="20210927 16:54:27.237" endtime="20210927 16:54:27.242"/>
</iter>
<status status="PASS" starttime="20210927 16:54:27.224" endtime="20210927 16:54:27.242"/>
</for>
<kw name="Page Should Contain Element" library="Selenium2Library">
<arg>${validity_text}</arg>
<doc>Verifies that element ``locator`` is found on the current page.</doc>
<msg timestamp="20210927 16:54:27.246" level="INFO">Current page contains element 'xpath://*[@class="col-12 text-center text-md-right ik c-r pt-3 pt-md-0"]'.</msg>
<status status="PASS" starttime="20210927 16:54:27.242" endtime="20210927 16:54:27.246"/>
</kw>
<kw name="Capture Page Screenshot" library="Selenium2Library">
<arg>filename=${current_png_name}.png</arg>
<doc>Takes a screenshot of the current page and embeds it into a log file.</doc>
<msg timestamp="20210927 16:54:27.490" level="INFO" html="true">&lt;/td&gt;&lt;/tr&gt;&lt;tr&gt;&lt;td colspan="3"&gt;&lt;a href="Id%C5%91k%C3%A9p.png"&gt;&lt;img src="Id%C5%91k%C3%A9p.png" width="800px"&gt;&lt;/a&gt;</msg>
<status status="PASS" starttime="20210927 16:54:27.246" endtime="20210927 16:54:27.490"/>
</kw>
<status status="PASS" starttime="20210927 16:54:27.145" endtime="20210927 16:54:27.490"/>
</kw>
<status status="PASS" starttime="20210927 16:54:20.671" endtime="20210927 16:54:27.490"/>
</iter>
<iter>
<var name="${current_header}">Hőtérkép</var>
<kw name="Sleep" library="BuiltIn">
<arg>2s</arg>
<doc>Pauses the test executed for the given time.</doc>
<msg timestamp="20210927 16:54:29.494" level="INFO">Slept 2 seconds</msg>
<status status="PASS" starttime="20210927 16:54:27.490" endtime="20210927 16:54:29.494"/>
</kw>
<kw name="Execute Javascript" library="Selenium2Library">
<arg>window.scrollTo(${custom_scroll}, 0)</arg>
<doc>Executes the given JavaScript code with possible arguments.</doc>
<msg timestamp="20210927 16:54:29.495" level="INFO">Executing JavaScript:
window.scrollTo(15000, 0)
Without any arguments.</msg>
<status status="PASS" starttime="20210927 16:54:29.494" endtime="20210927 16:54:29.501"/>
</kw>
<kw name="Execute Javascript" library="Selenium2Library">
<arg>window.scrollTo(${custom_scroll}, 0)</arg>
<doc>Executes the given JavaScript code with possible arguments.</doc>
<msg timestamp="20210927 16:54:29.502" level="INFO">Executing JavaScript:
window.scrollTo(15000, 0)
Without any arguments.</msg>
<status status="PASS" starttime="20210927 16:54:29.501" endtime="20210927 16:54:29.523"/>
</kw>
<kw name="Sleep" library="BuiltIn">
<arg>2s</arg>
<doc>Pauses the test executed for the given time.</doc>
<msg timestamp="20210927 16:54:31.530" level="INFO">Slept 2 seconds</msg>
<status status="PASS" starttime="20210927 16:54:29.523" endtime="20210927 16:54:31.530"/>
</kw>
<kw name="Click Element" library="Selenium2Library">
<arg>xpath://a[text()="${current_header}"]</arg>
<doc>Click the element identified by ``locator``.</doc>
<msg timestamp="20210927 16:54:31.531" level="INFO">Clicking element 'xpath://a[text()="Hőtérkép"]'.</msg>
<status status="PASS" starttime="20210927 16:54:31.530" endtime="20210927 16:54:31.963"/>
</kw>
<kw name="Sleep" library="BuiltIn">
<arg>1s</arg>
<doc>Pauses the test executed for the given time.</doc>
<msg timestamp="20210927 16:54:32.966" level="INFO">Slept 1 second</msg>
<status status="PASS" starttime="20210927 16:54:31.963" endtime="20210927 16:54:32.966"/>
</kw>
<kw name="Execute Javascript" library="Selenium2Library">
<arg>window.scrollTo(0, ${custom_scroll})</arg>
<doc>Executes the given JavaScript code with possible arguments.</doc>
<msg timestamp="20210927 16:54:32.967" level="INFO">Executing JavaScript:
window.scrollTo(0, 15000)
Without any arguments.</msg>
<status status="PASS" starttime="20210927 16:54:32.966" endtime="20210927 16:54:32.982"/>
</kw>
<kw name="Sleep" library="BuiltIn">
<arg>1s</arg>
<doc>Pauses the test executed for the given time.</doc>
<msg timestamp="20210927 16:54:33.992" level="INFO">Slept 1 second</msg>
<status status="PASS" starttime="20210927 16:54:32.983" endtime="20210927 16:54:33.992"/>
</kw>
<kw name="Execute Javascript" library="Selenium2Library">
<arg>window.scrollTo(0, ${custom_scroll})</arg>
<doc>Executes the given JavaScript code with possible arguments.</doc>
<msg timestamp="20210927 16:54:33.993" level="INFO">Executing JavaScript:
window.scrollTo(0, 15000)
Without any arguments.</msg>
<status status="PASS" starttime="20210927 16:54:33.992" endtime="20210927 16:54:33.997"/>
</kw>
<kw name="Check footer content" library="Check_footer_content">
<arg>${current_header}</arg>
<for flavor="IN">
<var>${footer_link}</var>
<value>@{page_should_contains}</value>
<iter>
<var name="${footer_link}">Impresszum</var>
<kw name="Page Should Contain" library="Selenium2Library">
<arg>${footer_link}</arg>
<doc>Verifies that current page contains ``text``.</doc>
<msg timestamp="20210927 16:54:34.008" level="INFO">Current page contains text 'Impresszum'.</msg>
<status status="PASS" starttime="20210927 16:54:33.998" endtime="20210927 16:54:34.008"/>
</kw>
<status status="PASS" starttime="20210927 16:54:33.998" endtime="20210927 16:54:34.008"/>
</iter>
<iter>
<var name="${footer_link}">Médiaajánlat</var>
<kw name="Page Should Contain" library="Selenium2Library">
<arg>${footer_link}</arg>
<doc>Verifies that current page contains ``text``.</doc>
<msg timestamp="20210927 16:54:34.018" level="INFO">Current page contains text 'Médiaajánlat'.</msg>
<status status="PASS" starttime="20210927 16:54:34.009" endtime="20210927 16:54:34.018"/>
</kw>
<status status="PASS" starttime="20210927 16:54:34.009" endtime="20210927 16:54:34.018"/>
</iter>
<iter>
<var name="${footer_link}">ÁSZF</var>
<kw name="Page Should Contain" library="Selenium2Library">
<arg>${footer_link}</arg>
<doc>Verifies that current page contains ``text``.</doc>
<msg timestamp="20210927 16:54:34.028" level="INFO">Current page contains text 'ÁSZF'.</msg>
<status status="PASS" starttime="20210927 16:54:34.018" endtime="20210927 16:54:34.028"/>
</kw>
<status status="PASS" starttime="20210927 16:54:34.018" endtime="20210927 16:54:34.028"/>
</iter>
<iter>
<var name="${footer_link}">Adatkezelési Tájékoztató</var>
<kw name="Page Should Contain" library="Selenium2Library">
<arg>${footer_link}</arg>
<doc>Verifies that current page contains ``text``.</doc>
<msg timestamp="20210927 16:54:34.037" level="INFO">Current page contains text 'Adatkezelési Tájékoztató'.</msg>
<status status="PASS" starttime="20210927 16:54:34.029" endtime="20210927 16:54:34.037"/>
</kw>
<status status="PASS" starttime="20210927 16:54:34.028" endtime="20210927 16:54:34.037"/>
</iter>
<iter>
<var name="${footer_link}">Elvihető tartalmak</var>
<kw name="Page Should Contain" library="Selenium2Library">
<arg>${footer_link}</arg>
<doc>Verifies that current page contains ``text``.</doc>
<msg timestamp="20210927 16:54:34.047" level="INFO">Current page contains text 'Elvihető tartalmak'.</msg>
<status status="PASS" starttime="20210927 16:54:34.037" endtime="20210927 16:54:34.047"/>
</kw>
<status status="PASS" starttime="20210927 16:54:34.037" endtime="20210927 16:54:34.047"/>
</iter>
<status status="PASS" starttime="20210927 16:54:33.998" endtime="20210927 16:54:34.047"/>
</for>
<for flavor="IN">
<var>${BIO_link}</var>
<value>@{page_should_contains_link}</value>
<iter>
<var name="${BIO_link}">https://twitter.com/idokep</var>
<kw name="Page Should Contain Link" library="Selenium2Library">
<arg>${BIO_link}</arg>
<doc>Verifies link identified by ``locator`` is found from current page.</doc>
<msg timestamp="20210927 16:54:34.053" level="INFO">Current page contains link 'https://twitter.com/idokep'.</msg>
<status status="PASS" starttime="20210927 16:54:34.048" endtime="20210927 16:54:34.053"/>
</kw>
<status status="PASS" starttime="20210927 16:54:34.047" endtime="20210927 16:54:34.053"/>
</iter>
<iter>
<var name="${BIO_link}">https://www.instagram.com/idokep</var>
<kw name="Page Should Contain Link" library="Selenium2Library">
<arg>${BIO_link}</arg>
<doc>Verifies link identified by ``locator`` is found from current page.</doc>
<msg timestamp="20210927 16:54:34.059" level="INFO">Current page contains link 'https://www.instagram.com/idokep'.</msg>
<status status="PASS" starttime="20210927 16:54:34.053" endtime="20210927 16:54:34.059"/>
</kw>
<status status="PASS" starttime="20210927 16:54:34.053" endtime="20210927 16:54:34.059"/>
</iter>
<iter>
<var name="${BIO_link}">https://www.facebook.com/idokep</var>
<kw name="Page Should Contain Link" library="Selenium2Library">
<arg>${BIO_link}</arg>
<doc>Verifies link identified by ``locator`` is found from current page.</doc>
<msg timestamp="20210927 16:54:34.065" level="INFO">Current page contains link 'https://www.facebook.com/idokep'.</msg>
<status status="PASS" starttime="20210927 16:54:34.060" endtime="20210927 16:54:34.065"/>
</kw>
<status status="PASS" starttime="20210927 16:54:34.060" endtime="20210927 16:54:34.066"/>
</iter>
<status status="PASS" starttime="20210927 16:54:34.047" endtime="20210927 16:54:34.066"/>
</for>
<kw name="Page Should Contain Element" library="Selenium2Library">
<arg>${validity_text}</arg>
<doc>Verifies that element ``locator`` is found on the current page.</doc>
<msg timestamp="20210927 16:54:34.069" level="INFO">Current page contains element 'xpath://*[@class="col-12 text-center text-md-right ik c-r pt-3 pt-md-0"]'.</msg>
<status status="PASS" starttime="20210927 16:54:34.066" endtime="20210927 16:54:34.069"/>
</kw>
<kw name="Capture Page Screenshot" library="Selenium2Library">
<arg>filename=${current_png_name}.png</arg>
<doc>Takes a screenshot of the current page and embeds it into a log file.</doc>
<msg timestamp="20210927 16:54:34.291" level="INFO" html="true">&lt;/td&gt;&lt;/tr&gt;&lt;tr&gt;&lt;td colspan="3"&gt;&lt;a href="H%C5%91t%C3%A9rk%C3%A9p.png"&gt;&lt;img src="H%C5%91t%C3%A9rk%C3%A9p.png" width="800px"&gt;&lt;/a&gt;</msg>
<status status="PASS" starttime="20210927 16:54:34.070" endtime="20210927 16:54:34.291"/>
</kw>
<status status="PASS" starttime="20210927 16:54:33.997" endtime="20210927 16:54:34.291"/>
</kw>
<status status="PASS" starttime="20210927 16:54:27.490" endtime="20210927 16:54:34.291"/>
</iter>
<iter>
<var name="${current_header}">Felhőkép</var>
<kw name="Sleep" library="BuiltIn">
<arg>2s</arg>
<doc>Pauses the test executed for the given time.</doc>
<msg timestamp="20210927 16:54:36.299" level="INFO">Slept 2 seconds</msg>
<status status="PASS" starttime="20210927 16:54:34.291" endtime="20210927 16:54:36.299"/>
</kw>
<kw name="Execute Javascript" library="Selenium2Library">
<arg>window.scrollTo(${custom_scroll}, 0)</arg>
<doc>Executes the given JavaScript code with possible arguments.</doc>
<msg timestamp="20210927 16:54:36.301" level="INFO">Executing JavaScript:
window.scrollTo(15000, 0)
Without any arguments.</msg>
<status status="PASS" starttime="20210927 16:54:36.299" endtime="20210927 16:54:36.329"/>
</kw>
<kw name="Execute Javascript" library="Selenium2Library">
<arg>window.scrollTo(${custom_scroll}, 0)</arg>
<doc>Executes the given JavaScript code with possible arguments.</doc>
<msg timestamp="20210927 16:54:36.330" level="INFO">Executing JavaScript:
window.scrollTo(15000, 0)
Without any arguments.</msg>
<status status="PASS" starttime="20210927 16:54:36.330" endtime="20210927 16:54:36.343"/>
</kw>
<kw name="Sleep" library="BuiltIn">
<arg>2s</arg>
<doc>Pauses the test executed for the given time.</doc>
<msg timestamp="20210927 16:54:38.343" level="INFO">Slept 2 seconds</msg>
<status status="PASS" starttime="20210927 16:54:36.343" endtime="20210927 16:54:38.343"/>
</kw>
<kw name="Click Element" library="Selenium2Library">
<arg>xpath://a[text()="${current_header}"]</arg>
<doc>Click the element identified by ``locator``.</doc>
<msg timestamp="20210927 16:54:38.345" level="INFO">Clicking element 'xpath://a[text()="Felhőkép"]'.</msg>
<status status="PASS" starttime="20210927 16:54:38.344" endtime="20210927 16:54:38.732"/>
</kw>
<kw name="Sleep" library="BuiltIn">
<arg>1s</arg>
<doc>Pauses the test executed for the given time.</doc>
<msg timestamp="20210927 16:54:39.738" level="INFO">Slept 1 second</msg>
<status status="PASS" starttime="20210927 16:54:38.732" endtime="20210927 16:54:39.738"/>
</kw>
<kw name="Execute Javascript" library="Selenium2Library">
<arg>window.scrollTo(0, ${custom_scroll})</arg>
<doc>Executes the given JavaScript code with possible arguments.</doc>
<msg timestamp="20210927 16:54:39.739" level="INFO">Executing JavaScript:
window.scrollTo(0, 15000)
Without any arguments.</msg>
<status status="PASS" starttime="20210927 16:54:39.738" endtime="20210927 16:54:39.749"/>
</kw>
<kw name="Sleep" library="BuiltIn">
<arg>1s</arg>
<doc>Pauses the test executed for the given time.</doc>
<msg timestamp="20210927 16:54:40.753" level="INFO">Slept 1 second</msg>
<status status="PASS" starttime="20210927 16:54:39.749" endtime="20210927 16:54:40.753"/>
</kw>
<kw name="Execute Javascript" library="Selenium2Library">
<arg>window.scrollTo(0, ${custom_scroll})</arg>
<doc>Executes the given JavaScript code with possible arguments.</doc>
<msg timestamp="20210927 16:54:40.755" level="INFO">Executing JavaScript:
window.scrollTo(0, 15000)
Without any arguments.</msg>
<status status="PASS" starttime="20210927 16:54:40.753" endtime="20210927 16:54:40.763"/>
</kw>
<kw name="Check footer content" library="Check_footer_content">
<arg>${current_header}</arg>
<for flavor="IN">
<var>${footer_link}</var>
<value>@{page_should_contains}</value>
<iter>
<var name="${footer_link}">Impresszum</var>
<kw name="Page Should Contain" library="Selenium2Library">
<arg>${footer_link}</arg>
<doc>Verifies that current page contains ``text``.</doc>
<msg timestamp="20210927 16:54:40.782" level="INFO">Current page contains text 'Impresszum'.</msg>
<status status="PASS" starttime="20210927 16:54:40.764" endtime="20210927 16:54:40.782"/>
</kw>
<status status="PASS" starttime="20210927 16:54:40.764" endtime="20210927 16:54:40.782"/>
</iter>
<iter>
<var name="${footer_link}">Médiaajánlat</var>
<kw name="Page Should Contain" library="Selenium2Library">
<arg>${footer_link}</arg>
<doc>Verifies that current page contains ``text``.</doc>
<msg timestamp="20210927 16:54:40.800" level="INFO">Current page contains text 'Médiaajánlat'.</msg>
<status status="PASS" starttime="20210927 16:54:40.783" endtime="20210927 16:54:40.800"/>
</kw>
<status status="PASS" starttime="20210927 16:54:40.783" endtime="20210927 16:54:40.800"/>
</iter>
<iter>
<var name="${footer_link}">ÁSZF</var>
<kw name="Page Should Contain" library="Selenium2Library">
<arg>${footer_link}</arg>
<doc>Verifies that current page contains ``text``.</doc>
<msg timestamp="20210927 16:54:40.808" level="INFO">Current page contains text 'ÁSZF'.</msg>
<status status="PASS" starttime="20210927 16:54:40.800" endtime="20210927 16:54:40.808"/>
</kw>
<status status="PASS" starttime="20210927 16:54:40.800" endtime="20210927 16:54:40.808"/>
</iter>
<iter>
<var name="${footer_link}">Adatkezelési Tájékoztató</var>
<kw name="Page Should Contain" library="Selenium2Library">
<arg>${footer_link}</arg>
<doc>Verifies that current page contains ``text``.</doc>
<msg timestamp="20210927 16:54:40.816" level="INFO">Current page contains text 'Adatkezelési Tájékoztató'.</msg>
<status status="PASS" starttime="20210927 16:54:40.808" endtime="20210927 16:54:40.816"/>
</kw>
<status status="PASS" starttime="20210927 16:54:40.808" endtime="20210927 16:54:40.816"/>
</iter>
<iter>
<var name="${footer_link}">Elvihető tartalmak</var>
<kw name="Page Should Contain" library="Selenium2Library">
<arg>${footer_link}</arg>
<doc>Verifies that current page contains ``text``.</doc>
<msg timestamp="20210927 16:54:40.823" level="INFO">Current page contains text 'Elvihető tartalmak'.</msg>
<status status="PASS" starttime="20210927 16:54:40.816" endtime="20210927 16:54:40.823"/>
</kw>
<status status="PASS" starttime="20210927 16:54:40.816" endtime="20210927 16:54:40.823"/>
</iter>
<status status="PASS" starttime="20210927 16:54:40.764" endtime="20210927 16:54:40.823"/>
</for>
<for flavor="IN">
<var>${BIO_link}</var>
<value>@{page_should_contains_link}</value>
<iter>
<var name="${BIO_link}">https://twitter.com/idokep</var>
<kw name="Page Should Contain Link" library="Selenium2Library">
<arg>${BIO_link}</arg>
<doc>Verifies link identified by ``locator`` is found from current page.</doc>
<msg timestamp="20210927 16:54:40.829" level="INFO">Current page contains link 'https://twitter.com/idokep'.</msg>
<status status="PASS" starttime="20210927 16:54:40.824" endtime="20210927 16:54:40.829"/>
</kw>
<status status="PASS" starttime="20210927 16:54:40.824" endtime="20210927 16:54:40.829"/>
</iter>
<iter>
<var name="${BIO_link}">https://www.instagram.com/idokep</var>
<kw name="Page Should Contain Link" library="Selenium2Library">
<arg>${BIO_link}</arg>
<doc>Verifies link identified by ``locator`` is found from current page.</doc>
<msg timestamp="20210927 16:54:40.835" level="INFO">Current page contains link 'https://www.instagram.com/idokep'.</msg>
<status status="PASS" starttime="20210927 16:54:40.830" endtime="20210927 16:54:40.835"/>
</kw>
<status status="PASS" starttime="20210927 16:54:40.829" endtime="20210927 16:54:40.835"/>
</iter>
<iter>
<var name="${BIO_link}">https://www.facebook.com/idokep</var>
<kw name="Page Should Contain Link" library="Selenium2Library">
<arg>${BIO_link}</arg>
<doc>Verifies link identified by ``locator`` is found from current page.</doc>
<msg timestamp="20210927 16:54:40.840" level="INFO">Current page contains link 'https://www.facebook.com/idokep'.</msg>
<status status="PASS" starttime="20210927 16:54:40.835" endtime="20210927 16:54:40.841"/>
</kw>
<status status="PASS" starttime="20210927 16:54:40.835" endtime="20210927 16:54:40.841"/>
</iter>
<status status="PASS" starttime="20210927 16:54:40.823" endtime="20210927 16:54:40.841"/>
</for>
<kw name="Page Should Contain Element" library="Selenium2Library">
<arg>${validity_text}</arg>
<doc>Verifies that element ``locator`` is found on the current page.</doc>
<msg timestamp="20210927 16:54:40.845" level="INFO">Current page contains element 'xpath://*[@class="col-12 text-center text-md-right ik c-r pt-3 pt-md-0"]'.</msg>
<status status="PASS" starttime="20210927 16:54:40.841" endtime="20210927 16:54:40.845"/>
</kw>
<kw name="Capture Page Screenshot" library="Selenium2Library">
<arg>filename=${current_png_name}.png</arg>
<doc>Takes a screenshot of the current page and embeds it into a log file.</doc>
<msg timestamp="20210927 16:54:41.087" level="INFO" html="true">&lt;/td&gt;&lt;/tr&gt;&lt;tr&gt;&lt;td colspan="3"&gt;&lt;a href="Felh%C5%91k%C3%A9p.png"&gt;&lt;img src="Felh%C5%91k%C3%A9p.png" width="800px"&gt;&lt;/a&gt;</msg>
<status status="PASS" starttime="20210927 16:54:40.845" endtime="20210927 16:54:41.088"/>
</kw>
<status status="PASS" starttime="20210927 16:54:40.763" endtime="20210927 16:54:41.088"/>
</kw>
<status status="PASS" starttime="20210927 16:54:34.291" endtime="20210927 16:54:41.088"/>
</iter>
<iter>
<var name="${current_header}">Radar</var>
<kw name="Sleep" library="BuiltIn">
<arg>2s</arg>
<doc>Pauses the test executed for the given time.</doc>
<msg timestamp="20210927 16:54:43.092" level="INFO">Slept 2 seconds</msg>
<status status="PASS" starttime="20210927 16:54:41.088" endtime="20210927 16:54:43.092"/>
</kw>
<kw name="Execute Javascript" library="Selenium2Library">
<arg>window.scrollTo(${custom_scroll}, 0)</arg>
<doc>Executes the given JavaScript code with possible arguments.</doc>
<msg timestamp="20210927 16:54:43.094" level="INFO">Executing JavaScript:
window.scrollTo(15000, 0)
Without any arguments.</msg>
<status status="PASS" starttime="20210927 16:54:43.092" endtime="20210927 16:54:43.105"/>
</kw>
<kw name="Execute Javascript" library="Selenium2Library">
<arg>window.scrollTo(${custom_scroll}, 0)</arg>
<doc>Executes the given JavaScript code with possible arguments.</doc>
<msg timestamp="20210927 16:54:43.106" level="INFO">Executing JavaScript:
window.scrollTo(15000, 0)
Without any arguments.</msg>
<status status="PASS" starttime="20210927 16:54:43.105" endtime="20210927 16:54:43.118"/>
</kw>
<kw name="Sleep" library="BuiltIn">
<arg>2s</arg>
<doc>Pauses the test executed for the given time.</doc>
<msg timestamp="20210927 16:54:45.130" level="INFO">Slept 2 seconds</msg>
<status status="PASS" starttime="20210927 16:54:43.118" endtime="20210927 16:54:45.130"/>
</kw>
<kw name="Click Element" library="Selenium2Library">
<arg>xpath://a[text()="${current_header}"]</arg>
<doc>Click the element identified by ``locator``.</doc>
<msg timestamp="20210927 16:54:45.131" level="INFO">Clicking element 'xpath://a[text()="Radar"]'.</msg>
<status status="PASS" starttime="20210927 16:54:45.130" endtime="20210927 16:54:45.602"/>
</kw>
<kw name="Sleep" library="BuiltIn">
<arg>1s</arg>
<doc>Pauses the test executed for the given time.</doc>
<msg timestamp="20210927 16:54:46.611" level="INFO">Slept 1 second</msg>
<status status="PASS" starttime="20210927 16:54:45.602" endtime="20210927 16:54:46.611"/>
</kw>
<kw name="Execute Javascript" library="Selenium2Library">
<arg>window.scrollTo(0, ${custom_scroll})</arg>
<doc>Executes the given JavaScript code with possible arguments.</doc>
<msg timestamp="20210927 16:54:46.612" level="INFO">Executing JavaScript:
window.scrollTo(0, 15000)
Without any arguments.</msg>
<status status="PASS" starttime="20210927 16:54:46.611" endtime="20210927 16:54:46.628"/>
</kw>
<kw name="Sleep" library="BuiltIn">
<arg>1s</arg>
<doc>Pauses the test executed for the given time.</doc>
<msg timestamp="20210927 16:54:47.643" level="INFO">Slept 1 second</msg>
<status status="PASS" starttime="20210927 16:54:46.628" endtime="20210927 16:54:47.643"/>
</kw>
<kw name="Execute Javascript" library="Selenium2Library">
<arg>window.scrollTo(0, ${custom_scroll})</arg>
<doc>Executes the given JavaScript code with possible arguments.</doc>
<msg timestamp="20210927 16:54:47.645" level="INFO">Executing JavaScript:
window.scrollTo(0, 15000)
Without any arguments.</msg>
<status status="PASS" starttime="20210927 16:54:47.643" endtime="20210927 16:54:47.652"/>
</kw>
<kw name="Check footer content" library="Check_footer_content">
<arg>${current_header}</arg>
<for flavor="IN">
<var>${footer_link}</var>
<value>@{page_should_contains}</value>
<iter>
<var name="${footer_link}">Impresszum</var>
<kw name="Page Should Contain" library="Selenium2Library">
<arg>${footer_link}</arg>
<doc>Verifies that current page contains ``text``.</doc>
<msg timestamp="20210927 16:54:47.670" level="INFO">Current page contains text 'Impresszum'.</msg>
<status status="PASS" starttime="20210927 16:54:47.654" endtime="20210927 16:54:47.670"/>
</kw>
<status status="PASS" starttime="20210927 16:54:47.653" endtime="20210927 16:54:47.670"/>
</iter>
<iter>
<var name="${footer_link}">Médiaajánlat</var>
<kw name="Page Should Contain" library="Selenium2Library">
<arg>${footer_link}</arg>
<doc>Verifies that current page contains ``text``.</doc>
<msg timestamp="20210927 16:54:47.679" level="INFO">Current page contains text 'Médiaajánlat'.</msg>
<status status="PASS" starttime="20210927 16:54:47.670" endtime="20210927 16:54:47.679"/>
</kw>
<status status="PASS" starttime="20210927 16:54:47.670" endtime="20210927 16:54:47.679"/>
</iter>
<iter>
<var name="${footer_link}">ÁSZF</var>
<kw name="Page Should Contain" library="Selenium2Library">
<arg>${footer_link}</arg>
<doc>Verifies that current page contains ``text``.</doc>
<msg timestamp="20210927 16:54:47.687" level="INFO">Current page contains text 'ÁSZF'.</msg>
<status status="PASS" starttime="20210927 16:54:47.679" endtime="20210927 16:54:47.687"/>
</kw>
<status status="PASS" starttime="20210927 16:54:47.679" endtime="20210927 16:54:47.687"/>
</iter>
<iter>
<var name="${footer_link}">Adatkezelési Tájékoztató</var>
<kw name="Page Should Contain" library="Selenium2Library">
<arg>${footer_link}</arg>
<doc>Verifies that current page contains ``text``.</doc>
<msg timestamp="20210927 16:54:47.696" level="INFO">Current page contains text 'Adatkezelési Tájékoztató'.</msg>
<status status="PASS" starttime="20210927 16:54:47.688" endtime="20210927 16:54:47.696"/>
</kw>
<status status="PASS" starttime="20210927 16:54:47.688" endtime="20210927 16:54:47.696"/>
</iter>
<iter>
<var name="${footer_link}">Elvihető tartalmak</var>
<kw name="Page Should Contain" library="Selenium2Library">
<arg>${footer_link}</arg>
<doc>Verifies that current page contains ``text``.</doc>
<msg timestamp="20210927 16:54:47.704" level="INFO">Current page contains text 'Elvihető tartalmak'.</msg>
<status status="PASS" starttime="20210927 16:54:47.696" endtime="20210927 16:54:47.704"/>
</kw>
<status status="PASS" starttime="20210927 16:54:47.696" endtime="20210927 16:54:47.704"/>
</iter>
<status status="PASS" starttime="20210927 16:54:47.653" endtime="20210927 16:54:47.704"/>
</for>
<for flavor="IN">
<var>${BIO_link}</var>
<value>@{page_should_contains_link}</value>
<iter>
<var name="${BIO_link}">https://twitter.com/idokep</var>
<kw name="Page Should Contain Link" library="Selenium2Library">
<arg>${BIO_link}</arg>
<doc>Verifies link identified by ``locator`` is found from current page.</doc>
<msg timestamp="20210927 16:54:47.710" level="INFO">Current page contains link 'https://twitter.com/idokep'.</msg>
<status status="PASS" starttime="20210927 16:54:47.705" endtime="20210927 16:54:47.710"/>
</kw>
<status status="PASS" starttime="20210927 16:54:47.704" endtime="20210927 16:54:47.710"/>
</iter>
<iter>
<var name="${BIO_link}">https://www.instagram.com/idokep</var>
<kw name="Page Should Contain Link" library="Selenium2Library">
<arg>${BIO_link}</arg>
<doc>Verifies link identified by ``locator`` is found from current page.</doc>
<msg timestamp="20210927 16:54:47.715" level="INFO">Current page contains link 'https://www.instagram.com/idokep'.</msg>
<status status="PASS" starttime="20210927 16:54:47.710" endtime="20210927 16:54:47.716"/>
</kw>
<status status="PASS" starttime="20210927 16:54:47.710" endtime="20210927 16:54:47.716"/>
</iter>
<iter>
<var name="${BIO_link}">https://www.facebook.com/idokep</var>
<kw name="Page Should Contain Link" library="Selenium2Library">
<arg>${BIO_link}</arg>
<doc>Verifies link identified by ``locator`` is found from current page.</doc>
<msg timestamp="20210927 16:54:47.722" level="INFO">Current page contains link 'https://www.facebook.com/idokep'.</msg>
<status status="PASS" starttime="20210927 16:54:47.716" endtime="20210927 16:54:47.722"/>
</kw>
<status status="PASS" starttime="20210927 16:54:47.716" endtime="20210927 16:54:47.722"/>
</iter>
<status status="PASS" starttime="20210927 16:54:47.704" endtime="20210927 16:54:47.722"/>
</for>
<kw name="Page Should Contain Element" library="Selenium2Library">
<arg>${validity_text}</arg>
<doc>Verifies that element ``locator`` is found on the current page.</doc>
<msg timestamp="20210927 16:54:47.726" level="INFO">Current page contains element 'xpath://*[@class="col-12 text-center text-md-right ik c-r pt-3 pt-md-0"]'.</msg>
<status status="PASS" starttime="20210927 16:54:47.723" endtime="20210927 16:54:47.726"/>
</kw>
<kw name="Capture Page Screenshot" library="Selenium2Library">
<arg>filename=${current_png_name}.png</arg>
<doc>Takes a screenshot of the current page and embeds it into a log file.</doc>
<msg timestamp="20210927 16:54:48.001" level="INFO" html="true">&lt;/td&gt;&lt;/tr&gt;&lt;tr&gt;&lt;td colspan="3"&gt;&lt;a href="Radar.png"&gt;&lt;img src="Radar.png" width="800px"&gt;&lt;/a&gt;</msg>
<status status="PASS" starttime="20210927 16:54:47.726" endtime="20210927 16:54:48.001"/>
</kw>
<status status="PASS" starttime="20210927 16:54:47.652" endtime="20210927 16:54:48.001"/>
</kw>
<status status="PASS" starttime="20210927 16:54:41.088" endtime="20210927 16:54:48.001"/>
</iter>
<iter>
<var name="${current_header}">Kamerák</var>
<kw name="Sleep" library="BuiltIn">
<arg>2s</arg>
<doc>Pauses the test executed for the given time.</doc>
<msg timestamp="20210927 16:54:50.016" level="INFO">Slept 2 seconds</msg>
<status status="PASS" starttime="20210927 16:54:48.002" endtime="20210927 16:54:50.016"/>
</kw>
<kw name="Execute Javascript" library="Selenium2Library">
<arg>window.scrollTo(${custom_scroll}, 0)</arg>
<doc>Executes the given JavaScript code with possible arguments.</doc>
<msg timestamp="20210927 16:54:50.017" level="INFO">Executing JavaScript:
window.scrollTo(15000, 0)
Without any arguments.</msg>
<status status="PASS" starttime="20210927 16:54:50.016" endtime="20210927 16:54:50.026"/>
</kw>
<kw name="Execute Javascript" library="Selenium2Library">
<arg>window.scrollTo(${custom_scroll}, 0)</arg>
<doc>Executes the given JavaScript code with possible arguments.</doc>
<msg timestamp="20210927 16:54:50.027" level="INFO">Executing JavaScript:
window.scrollTo(15000, 0)
Without any arguments.</msg>
<status status="PASS" starttime="20210927 16:54:50.026" endtime="20210927 16:54:50.036"/>
</kw>
<kw name="Sleep" library="BuiltIn">
<arg>2s</arg>
<doc>Pauses the test executed for the given time.</doc>
<msg timestamp="20210927 16:54:52.046" level="INFO">Slept 2 seconds</msg>
<status status="PASS" starttime="20210927 16:54:50.037" endtime="20210927 16:54:52.046"/>
</kw>
<kw name="Click Element" library="Selenium2Library">
<arg>xpath://a[text()="${current_header}"]</arg>
<doc>Click the element identified by ``locator``.</doc>
<msg timestamp="20210927 16:54:52.048" level="INFO">Clicking element 'xpath://a[text()="Kamerák"]'.</msg>
<status status="PASS" starttime="20210927 16:54:52.046" endtime="20210927 16:54:54.050"/>
</kw>
<kw name="Sleep" library="BuiltIn">
<arg>1s</arg>
<doc>Pauses the test executed for the given time.</doc>
<msg timestamp="20210927 16:54:55.064" level="INFO">Slept 1 second</msg>
<status status="PASS" starttime="20210927 16:54:54.050" endtime="20210927 16:54:55.065"/>
</kw>
<kw name="Execute Javascript" library="Selenium2Library">
<arg>window.scrollTo(0, ${custom_scroll})</arg>
<doc>Executes the given JavaScript code with possible arguments.</doc>
<msg timestamp="20210927 16:54:55.066" level="INFO">Executing JavaScript:
window.scrollTo(0, 15000)
Without any arguments.</msg>
<status status="PASS" starttime="20210927 16:54:55.065" endtime="20210927 16:54:55.072"/>
</kw>
<kw name="Sleep" library="BuiltIn">
<arg>1s</arg>
<doc>Pauses the test executed for the given time.</doc>
<msg timestamp="20210927 16:54:56.081" level="INFO">Slept 1 second</msg>
<status status="PASS" starttime="20210927 16:54:55.072" endtime="20210927 16:54:56.081"/>
</kw>
<kw name="Execute Javascript" library="Selenium2Library">
<arg>window.scrollTo(0, ${custom_scroll})</arg>
<doc>Executes the given JavaScript code with possible arguments.</doc>
<msg timestamp="20210927 16:54:56.083" level="INFO">Executing JavaScript:
window.scrollTo(0, 15000)
Without any arguments.</msg>
<status status="PASS" starttime="20210927 16:54:56.081" endtime="20210927 16:54:56.092"/>
</kw>
<kw name="Check footer content" library="Check_footer_content">
<arg>${current_header}</arg>
<for flavor="IN">
<var>${footer_link}</var>
<value>@{page_should_contains}</value>
<iter>
<var name="${footer_link}">Impresszum</var>
<kw name="Page Should Contain" library="Selenium2Library">
<arg>${footer_link}</arg>
<doc>Verifies that current page contains ``text``.</doc>
<msg timestamp="20210927 16:54:56.125" level="INFO">Current page contains text 'Impresszum'.</msg>
<status status="PASS" starttime="20210927 16:54:56.094" endtime="20210927 16:54:56.126"/>
</kw>
<status status="PASS" starttime="20210927 16:54:56.093" endtime="20210927 16:54:56.126"/>
</iter>
<iter>
<var name="${footer_link}">Médiaajánlat</var>
<kw name="Page Should Contain" library="Selenium2Library">
<arg>${footer_link}</arg>
<doc>Verifies that current page contains ``text``.</doc>
<msg timestamp="20210927 16:54:56.144" level="INFO">Current page contains text 'Médiaajánlat'.</msg>
<status status="PASS" starttime="20210927 16:54:56.127" endtime="20210927 16:54:56.144"/>
</kw>
<status status="PASS" starttime="20210927 16:54:56.126" endtime="20210927 16:54:56.144"/>
</iter>
<iter>
<var name="${footer_link}">ÁSZF</var>
<kw name="Page Should Contain" library="Selenium2Library">
<arg>${footer_link}</arg>
<doc>Verifies that current page contains ``text``.</doc>
<msg timestamp="20210927 16:54:56.159" level="INFO">Current page contains text 'ÁSZF'.</msg>
<status status="PASS" starttime="20210927 16:54:56.144" endtime="20210927 16:54:56.159"/>
</kw>
<status status="PASS" starttime="20210927 16:54:56.144" endtime="20210927 16:54:56.159"/>
</iter>
<iter>
<var name="${footer_link}">Adatkezelési Tájékoztató</var>
<kw name="Page Should Contain" library="Selenium2Library">
<arg>${footer_link}</arg>
<doc>Verifies that current page contains ``text``.</doc>
<msg timestamp="20210927 16:54:56.176" level="INFO">Current page contains text 'Adatkezelési Tájékoztató'.</msg>
<status status="PASS" starttime="20210927 16:54:56.159" endtime="20210927 16:54:56.176"/>
</kw>
<status status="PASS" starttime="20210927 16:54:56.159" endtime="20210927 16:54:56.176"/>
</iter>
<iter>
<var name="${footer_link}">Elvihető tartalmak</var>
<kw name="Page Should Contain" library="Selenium2Library">
<arg>${footer_link}</arg>
<doc>Verifies that current page contains ``text``.</doc>
<msg timestamp="20210927 16:54:56.191" level="INFO">Current page contains text 'Elvihető tartalmak'.</msg>
<status status="PASS" starttime="20210927 16:54:56.177" endtime="20210927 16:54:56.191"/>
</kw>
<status status="PASS" starttime="20210927 16:54:56.176" endtime="20210927 16:54:56.191"/>
</iter>
<status status="PASS" starttime="20210927 16:54:56.093" endtime="20210927 16:54:56.192"/>
</for>
<for flavor="IN">
<var>${BIO_link}</var>
<value>@{page_should_contains_link}</value>
<iter>
<var name="${BIO_link}">https://twitter.com/idokep</var>
<kw name="Page Should Contain Link" library="Selenium2Library">
<arg>${BIO_link}</arg>
<doc>Verifies link identified by ``locator`` is found from current page.</doc>
<msg timestamp="20210927 16:54:56.199" level="INFO">Current page contains link 'https://twitter.com/idokep'.</msg>
<status status="PASS" starttime="20210927 16:54:56.192" endtime="20210927 16:54:56.199"/>
</kw>
<status status="PASS" starttime="20210927 16:54:56.192" endtime="20210927 16:54:56.199"/>
</iter>
<iter>
<var name="${BIO_link}">https://www.instagram.com/idokep</var>
<kw name="Page Should Contain Link" library="Selenium2Library">
<arg>${BIO_link}</arg>
<doc>Verifies link identified by ``locator`` is found from current page.</doc>
<msg timestamp="20210927 16:54:56.206" level="INFO">Current page contains link 'https://www.instagram.com/idokep'.</msg>
<status status="PASS" starttime="20210927 16:54:56.200" endtime="20210927 16:54:56.206"/>
</kw>
<status status="PASS" starttime="20210927 16:54:56.200" endtime="20210927 16:54:56.206"/>
</iter>
<iter>
<var name="${BIO_link}">https://www.facebook.com/idokep</var>
<kw name="Page Should Contain Link" library="Selenium2Library">
<arg>${BIO_link}</arg>
<doc>Verifies link identified by ``locator`` is found from current page.</doc>
<msg timestamp="20210927 16:54:56.213" level="INFO">Current page contains link 'https://www.facebook.com/idokep'.</msg>
<status status="PASS" starttime="20210927 16:54:56.207" endtime="20210927 16:54:56.213"/>
</kw>
<status status="PASS" starttime="20210927 16:54:56.206" endtime="20210927 16:54:56.213"/>
</iter>
<status status="PASS" starttime="20210927 16:54:56.192" endtime="20210927 16:54:56.214"/>
</for>
<kw name="Page Should Contain Element" library="Selenium2Library">
<arg>${validity_text}</arg>
<doc>Verifies that element ``locator`` is found on the current page.</doc>
<msg timestamp="20210927 16:54:56.218" level="INFO">Current page contains element 'xpath://*[@class="col-12 text-center text-md-right ik c-r pt-3 pt-md-0"]'.</msg>
<status status="PASS" starttime="20210927 16:54:56.214" endtime="20210927 16:54:56.219"/>
</kw>
<kw name="Capture Page Screenshot" library="Selenium2Library">
<arg>filename=${current_png_name}.png</arg>
<doc>Takes a screenshot of the current page and embeds it into a log file.</doc>
<msg timestamp="20210927 16:54:56.338" level="INFO" html="true">&lt;/td&gt;&lt;/tr&gt;&lt;tr&gt;&lt;td colspan="3"&gt;&lt;a href="Kamer%C3%A1k.png"&gt;&lt;img src="Kamer%C3%A1k.png" width="800px"&gt;&lt;/a&gt;</msg>
<status status="PASS" starttime="20210927 16:54:56.219" endtime="20210927 16:54:56.338"/>
</kw>
<status status="PASS" starttime="20210927 16:54:56.092" endtime="20210927 16:54:56.338"/>
</kw>
<status status="PASS" starttime="20210927 16:54:48.001" endtime="20210927 16:54:56.338"/>
</iter>
<iter>
<var name="${current_header}">Közösség</var>
<kw name="Sleep" library="BuiltIn">
<arg>2s</arg>
<doc>Pauses the test executed for the given time.</doc>
<msg timestamp="20210927 16:54:58.350" level="INFO">Slept 2 seconds</msg>
<status status="PASS" starttime="20210927 16:54:56.339" endtime="20210927 16:54:58.350"/>
</kw>
<kw name="Execute Javascript" library="Selenium2Library">
<arg>window.scrollTo(${custom_scroll}, 0)</arg>
<doc>Executes the given JavaScript code with possible arguments.</doc>
<msg timestamp="20210927 16:54:58.352" level="INFO">Executing JavaScript:
window.scrollTo(15000, 0)
Without any arguments.</msg>
<status status="PASS" starttime="20210927 16:54:58.350" endtime="20210927 16:54:58.389"/>
</kw>
<kw name="Execute Javascript" library="Selenium2Library">
<arg>window.scrollTo(${custom_scroll}, 0)</arg>
<doc>Executes the given JavaScript code with possible arguments.</doc>
<msg timestamp="20210927 16:54:58.390" level="INFO">Executing JavaScript:
window.scrollTo(15000, 0)
Without any arguments.</msg>
<status status="PASS" starttime="20210927 16:54:58.389" endtime="20210927 16:54:58.418"/>
</kw>
<kw name="Sleep" library="BuiltIn">
<arg>2s</arg>
<doc>Pauses the test executed for the given time.</doc>
<msg timestamp="20210927 16:55:00.421" level="INFO">Slept 2 seconds</msg>
<status status="PASS" starttime="20210927 16:54:58.419" endtime="20210927 16:55:00.421"/>
</kw>
<kw name="Click Element" library="Selenium2Library">
<arg>xpath://a[text()="${current_header}"]</arg>
<doc>Click the element identified by ``locator``.</doc>
<msg timestamp="20210927 16:55:00.422" level="INFO">Clicking element 'xpath://a[text()="Közösség"]'.</msg>
<status status="PASS" starttime="20210927 16:55:00.421" endtime="20210927 16:55:00.969"/>
</kw>
<kw name="Sleep" library="BuiltIn">
<arg>1s</arg>
<doc>Pauses the test executed for the given time.</doc>
<msg timestamp="20210927 16:55:01.979" level="INFO">Slept 1 second</msg>
<status status="PASS" starttime="20210927 16:55:00.969" endtime="20210927 16:55:01.979"/>
</kw>
<kw name="Execute Javascript" library="Selenium2Library">
<arg>window.scrollTo(0, ${custom_scroll})</arg>
<doc>Executes the given JavaScript code with possible arguments.</doc>
<msg timestamp="20210927 16:55:01.980" level="INFO">Executing JavaScript:
window.scrollTo(0, 15000)
Without any arguments.</msg>
<status status="PASS" starttime="20210927 16:55:01.979" endtime="20210927 16:55:02.000"/>
</kw>
<kw name="Sleep" library="BuiltIn">
<arg>1s</arg>
<doc>Pauses the test executed for the given time.</doc>
<msg timestamp="20210927 16:55:03.009" level="INFO">Slept 1 second</msg>
<status status="PASS" starttime="20210927 16:55:02.000" endtime="20210927 16:55:03.009"/>
</kw>
<kw name="Execute Javascript" library="Selenium2Library">
<arg>window.scrollTo(0, ${custom_scroll})</arg>
<doc>Executes the given JavaScript code with possible arguments.</doc>
<msg timestamp="20210927 16:55:03.011" level="INFO">Executing JavaScript:
window.scrollTo(0, 15000)
Without any arguments.</msg>
<status status="PASS" starttime="20210927 16:55:03.009" endtime="20210927 16:55:03.018"/>
</kw>
<kw name="Check footer content" library="Check_footer_content">
<arg>${current_header}</arg>
<for flavor="IN">
<var>${footer_link}</var>
<value>@{page_should_contains}</value>
<iter>
<var name="${footer_link}">Impresszum</var>
<kw name="Page Should Contain" library="Selenium2Library">
<arg>${footer_link}</arg>
<doc>Verifies that current page contains ``text``.</doc>
<msg timestamp="20210927 16:55:03.042" level="INFO">Current page contains text 'Impresszum'.</msg>
<status status="PASS" starttime="20210927 16:55:03.020" endtime="20210927 16:55:03.043"/>
</kw>
<status status="PASS" starttime="20210927 16:55:03.020" endtime="20210927 16:55:03.043"/>
</iter>
<iter>
<var name="${footer_link}">Médiaajánlat</var>
<kw name="Page Should Contain" library="Selenium2Library">
<arg>${footer_link}</arg>
<doc>Verifies that current page contains ``text``.</doc>
<msg timestamp="20210927 16:55:03.062" level="INFO">Current page contains text 'Médiaajánlat'.</msg>
<status status="PASS" starttime="20210927 16:55:03.043" endtime="20210927 16:55:03.062"/>
</kw>
<status status="PASS" starttime="20210927 16:55:03.043" endtime="20210927 16:55:03.062"/>
</iter>
<iter>
<var name="${footer_link}">ÁSZF</var>
<kw name="Page Should Contain" library="Selenium2Library">
<arg>${footer_link}</arg>
<doc>Verifies that current page contains ``text``.</doc>
<msg timestamp="20210927 16:55:03.075" level="INFO">Current page contains text 'ÁSZF'.</msg>
<status status="PASS" starttime="20210927 16:55:03.063" endtime="20210927 16:55:03.075"/>
</kw>
<status status="PASS" starttime="20210927 16:55:03.062" endtime="20210927 16:55:03.075"/>
</iter>
<iter>
<var name="${footer_link}">Adatkezelési Tájékoztató</var>
<kw name="Page Should Contain" library="Selenium2Library">
<arg>${footer_link}</arg>
<doc>Verifies that current page contains ``text``.</doc>
<msg timestamp="20210927 16:55:03.089" level="INFO">Current page contains text 'Adatkezelési Tájékoztató'.</msg>
<status status="PASS" starttime="20210927 16:55:03.076" endtime="20210927 16:55:03.089"/>
</kw>
<status status="PASS" starttime="20210927 16:55:03.076" endtime="20210927 16:55:03.089"/>
</iter>
<iter>
<var name="${footer_link}">Elvihető tartalmak</var>
<kw name="Page Should Contain" library="Selenium2Library">
<arg>${footer_link}</arg>
<doc>Verifies that current page contains ``text``.</doc>
<msg timestamp="20210927 16:55:03.102" level="INFO">Current page contains text 'Elvihető tartalmak'.</msg>
<status status="PASS" starttime="20210927 16:55:03.089" endtime="20210927 16:55:03.102"/>
</kw>
<status status="PASS" starttime="20210927 16:55:03.089" endtime="20210927 16:55:03.102"/>
</iter>
<status status="PASS" starttime="20210927 16:55:03.019" endtime="20210927 16:55:03.103"/>
</for>
<for flavor="IN">
<var>${BIO_link}</var>
<value>@{page_should_contains_link}</value>
<iter>
<var name="${BIO_link}">https://twitter.com/idokep</var>
<kw name="Page Should Contain Link" library="Selenium2Library">
<arg>${BIO_link}</arg>
<doc>Verifies link identified by ``locator`` is found from current page.</doc>
<msg timestamp="20210927 16:55:03.109" level="INFO">Current page contains link 'https://twitter.com/idokep'.</msg>
<status status="PASS" starttime="20210927 16:55:03.103" endtime="20210927 16:55:03.109"/>
</kw>
<status status="PASS" starttime="20210927 16:55:03.103" endtime="20210927 16:55:03.109"/>
</iter>
<iter>
<var name="${BIO_link}">https://www.instagram.com/idokep</var>
<kw name="Page Should Contain Link" library="Selenium2Library">
<arg>${BIO_link}</arg>
<doc>Verifies link identified by ``locator`` is found from current page.</doc>
<msg timestamp="20210927 16:55:03.116" level="INFO">Current page contains link 'https://www.instagram.com/idokep'.</msg>
<status status="PASS" starttime="20210927 16:55:03.110" endtime="20210927 16:55:03.116"/>
</kw>
<status status="PASS" starttime="20210927 16:55:03.110" endtime="20210927 16:55:03.116"/>
</iter>
<iter>
<var name="${BIO_link}">https://www.facebook.com/idokep</var>
<kw name="Page Should Contain Link" library="Selenium2Library">
<arg>${BIO_link}</arg>
<doc>Verifies link identified by ``locator`` is found from current page.</doc>
<msg timestamp="20210927 16:55:03.122" level="INFO">Current page contains link 'https://www.facebook.com/idokep'.</msg>
<status status="PASS" starttime="20210927 16:55:03.116" endtime="20210927 16:55:03.122"/>
</kw>
<status status="PASS" starttime="20210927 16:55:03.116" endtime="20210927 16:55:03.122"/>
</iter>
<status status="PASS" starttime="20210927 16:55:03.103" endtime="20210927 16:55:03.122"/>
</for>
<kw name="Page Should Contain Element" library="Selenium2Library">
<arg>${validity_text}</arg>
<doc>Verifies that element ``locator`` is found on the current page.</doc>
<msg timestamp="20210927 16:55:03.126" level="INFO">Current page contains element 'xpath://*[@class="col-12 text-center text-md-right ik c-r pt-3 pt-md-0"]'.</msg>
<status status="PASS" starttime="20210927 16:55:03.122" endtime="20210927 16:55:03.126"/>
</kw>
<kw name="Capture Page Screenshot" library="Selenium2Library">
<arg>filename=${current_png_name}.png</arg>
<doc>Takes a screenshot of the current page and embeds it into a log file.</doc>
<msg timestamp="20210927 16:55:03.231" level="INFO" html="true">&lt;/td&gt;&lt;/tr&gt;&lt;tr&gt;&lt;td colspan="3"&gt;&lt;a href="K%C3%B6z%C3%B6ss%C3%A9g.png"&gt;&lt;img src="K%C3%B6z%C3%B6ss%C3%A9g.png" width="800px"&gt;&lt;/a&gt;</msg>
<status status="PASS" starttime="20210927 16:55:03.126" endtime="20210927 16:55:03.231"/>
</kw>
<status status="PASS" starttime="20210927 16:55:03.018" endtime="20210927 16:55:03.231"/>
</kw>
<status status="PASS" starttime="20210927 16:54:56.338" endtime="20210927 16:55:03.231"/>
</iter>
<iter>
<var name="${current_header}">Tematikus</var>
<kw name="Sleep" library="BuiltIn">
<arg>2s</arg>
<doc>Pauses the test executed for the given time.</doc>
<msg timestamp="20210927 16:55:05.243" level="INFO">Slept 2 seconds</msg>
<status status="PASS" starttime="20210927 16:55:03.232" endtime="20210927 16:55:05.243"/>
</kw>
<kw name="Execute Javascript" library="Selenium2Library">
<arg>window.scrollTo(${custom_scroll}, 0)</arg>
<doc>Executes the given JavaScript code with possible arguments.</doc>
<msg timestamp="20210927 16:55:05.245" level="INFO">Executing JavaScript:
window.scrollTo(15000, 0)
Without any arguments.</msg>
<status status="PASS" starttime="20210927 16:55:05.243" endtime="20210927 16:55:05.259"/>
</kw>
<kw name="Execute Javascript" library="Selenium2Library">
<arg>window.scrollTo(${custom_scroll}, 0)</arg>
<doc>Executes the given JavaScript code with possible arguments.</doc>
<msg timestamp="20210927 16:55:05.260" level="INFO">Executing JavaScript:
window.scrollTo(15000, 0)
Without any arguments.</msg>
<status status="PASS" starttime="20210927 16:55:05.259" endtime="20210927 16:55:05.280"/>
</kw>
<kw name="Sleep" library="BuiltIn">
<arg>2s</arg>
<doc>Pauses the test executed for the given time.</doc>
<msg timestamp="20210927 16:55:07.291" level="INFO">Slept 2 seconds</msg>
<status status="PASS" starttime="20210927 16:55:05.280" endtime="20210927 16:55:07.291"/>
</kw>
<kw name="Click Element" library="Selenium2Library">
<arg>xpath://a[text()="${current_header}"]</arg>
<doc>Click the element identified by ``locator``.</doc>
<msg timestamp="20210927 16:55:07.292" level="INFO">Clicking element 'xpath://a[text()="Tematikus"]'.</msg>
<status status="PASS" starttime="20210927 16:55:07.291" endtime="20210927 16:55:08.119"/>
</kw>
<kw name="Sleep" library="BuiltIn">
<arg>1s</arg>
<doc>Pauses the test executed for the given time.</doc>
<msg timestamp="20210927 16:55:09.124" level="INFO">Slept 1 second</msg>
<status status="PASS" starttime="20210927 16:55:08.119" endtime="20210927 16:55:09.124"/>
</kw>
<kw name="Execute Javascript" library="Selenium2Library">
<arg>window.scrollTo(0, ${custom_scroll})</arg>
<doc>Executes the given JavaScript code with possible arguments.</doc>
<msg timestamp="20210927 16:55:09.126" level="INFO">Executing JavaScript:
window.scrollTo(0, 15000)
Without any arguments.</msg>
<status status="PASS" starttime="20210927 16:55:09.124" endtime="20210927 16:55:09.145"/>
</kw>
<kw name="Sleep" library="BuiltIn">
<arg>1s</arg>
<doc>Pauses the test executed for the given time.</doc>
<msg timestamp="20210927 16:55:10.159" level="INFO">Slept 1 second</msg>
<status status="PASS" starttime="20210927 16:55:09.145" endtime="20210927 16:55:10.159"/>
</kw>
<kw name="Execute Javascript" library="Selenium2Library">
<arg>window.scrollTo(0, ${custom_scroll})</arg>
<doc>Executes the given JavaScript code with possible arguments.</doc>
<msg timestamp="20210927 16:55:10.160" level="INFO">Executing JavaScript:
window.scrollTo(0, 15000)
Without any arguments.</msg>
<status status="PASS" starttime="20210927 16:55:10.159" endtime="20210927 16:55:10.167"/>
</kw>
<kw name="Check footer content" library="Check_footer_content">
<arg>${current_header}</arg>
<for flavor="IN">
<var>${footer_link}</var>
<value>@{page_should_contains}</value>
<iter>
<var name="${footer_link}">Impresszum</var>
<kw name="Page Should Contain" library="Selenium2Library">
<arg>${footer_link}</arg>
<doc>Verifies that current page contains ``text``.</doc>
<msg timestamp="20210927 16:55:10.202" level="INFO">Current page contains text 'Impresszum'.</msg>
<status status="PASS" starttime="20210927 16:55:10.169" endtime="20210927 16:55:10.202"/>
</kw>
<status status="PASS" starttime="20210927 16:55:10.169" endtime="20210927 16:55:10.202"/>
</iter>
<iter>
<var name="${footer_link}">Médiaajánlat</var>
<kw name="Page Should Contain" library="Selenium2Library">
<arg>${footer_link}</arg>
<doc>Verifies that current page contains ``text``.</doc>
<msg timestamp="20210927 16:55:10.221" level="INFO">Current page contains text 'Médiaajánlat'.</msg>
<status status="PASS" starttime="20210927 16:55:10.202" endtime="20210927 16:55:10.222"/>
</kw>
<status status="PASS" starttime="20210927 16:55:10.202" endtime="20210927 16:55:10.222"/>
</iter>
<iter>
<var name="${footer_link}">ÁSZF</var>
<kw name="Page Should Contain" library="Selenium2Library">
<arg>${footer_link}</arg>
<doc>Verifies that current page contains ``text``.</doc>
<msg timestamp="20210927 16:55:10.237" level="INFO">Current page contains text 'ÁSZF'.</msg>
<status status="PASS" starttime="20210927 16:55:10.222" endtime="20210927 16:55:10.237"/>
</kw>
<status status="PASS" starttime="20210927 16:55:10.222" endtime="20210927 16:55:10.237"/>
</iter>
<iter>
<var name="${footer_link}">Adatkezelési Tájékoztató</var>
<kw name="Page Should Contain" library="Selenium2Library">
<arg>${footer_link}</arg>
<doc>Verifies that current page contains ``text``.</doc>
<msg timestamp="20210927 16:55:10.253" level="INFO">Current page contains text 'Adatkezelési Tájékoztató'.</msg>
<status status="PASS" starttime="20210927 16:55:10.238" endtime="20210927 16:55:10.253"/>
</kw>
<status status="PASS" starttime="20210927 16:55:10.237" endtime="20210927 16:55:10.253"/>
</iter>
<iter>
<var name="${footer_link}">Elvihető tartalmak</var>
<kw name="Page Should Contain" library="Selenium2Library">
<arg>${footer_link}</arg>
<doc>Verifies that current page contains ``text``.</doc>
<msg timestamp="20210927 16:55:10.270" level="INFO">Current page contains text 'Elvihető tartalmak'.</msg>
<status status="PASS" starttime="20210927 16:55:10.254" endtime="20210927 16:55:10.270"/>
</kw>
<status status="PASS" starttime="20210927 16:55:10.253" endtime="20210927 16:55:10.270"/>
</iter>
<status status="PASS" starttime="20210927 16:55:10.169" endtime="20210927 16:55:10.270"/>
</for>
<for flavor="IN">
<var>${BIO_link}</var>
<value>@{page_should_contains_link}</value>
<iter>
<var name="${BIO_link}">https://twitter.com/idokep</var>
<kw name="Page Should Contain Link" library="Selenium2Library">
<arg>${BIO_link}</arg>
<doc>Verifies link identified by ``locator`` is found from current page.</doc>
<msg timestamp="20210927 16:55:10.277" level="INFO">Current page contains link 'https://twitter.com/idokep'.</msg>
<status status="PASS" starttime="20210927 16:55:10.270" endtime="20210927 16:55:10.277"/>
</kw>
<status status="PASS" starttime="20210927 16:55:10.270" endtime="20210927 16:55:10.277"/>
</iter>
<iter>
<var name="${BIO_link}">https://www.instagram.com/idokep</var>
<kw name="Page Should Contain Link" library="Selenium2Library">
<arg>${BIO_link}</arg>
<doc>Verifies link identified by ``locator`` is found from current page.</doc>
<msg timestamp="20210927 16:55:10.283" level="INFO">Current page contains link 'https://www.instagram.com/idokep'.</msg>
<status status="PASS" starttime="20210927 16:55:10.277" endtime="20210927 16:55:10.283"/>
</kw>
<status status="PASS" starttime="20210927 16:55:10.277" endtime="20210927 16:55:10.283"/>
</iter>
<iter>
<var name="${BIO_link}">https://www.facebook.com/idokep</var>
<kw name="Page Should Contain Link" library="Selenium2Library">
<arg>${BIO_link}</arg>
<doc>Verifies link identified by ``locator`` is found from current page.</doc>
<msg timestamp="20210927 16:55:10.288" level="INFO">Current page contains link 'https://www.facebook.com/idokep'.</msg>
<status status="PASS" starttime="20210927 16:55:10.283" endtime="20210927 16:55:10.288"/>
</kw>
<status status="PASS" starttime="20210927 16:55:10.283" endtime="20210927 16:55:10.289"/>
</iter>
<status status="PASS" starttime="20210927 16:55:10.270" endtime="20210927 16:55:10.289"/>
</for>
<kw name="Page Should Contain Element" library="Selenium2Library">
<arg>${validity_text}</arg>
<doc>Verifies that element ``locator`` is found on the current page.</doc>
<msg timestamp="20210927 16:55:10.293" level="INFO">Current page contains element 'xpath://*[@class="col-12 text-center text-md-right ik c-r pt-3 pt-md-0"]'.</msg>
<status status="PASS" starttime="20210927 16:55:10.289" endtime="20210927 16:55:10.293"/>
</kw>
<kw name="Capture Page Screenshot" library="Selenium2Library">
<arg>filename=${current_png_name}.png</arg>
<doc>Takes a screenshot of the current page and embeds it into a log file.</doc>
<msg timestamp="20210927 16:55:10.585" level="INFO" html="true">&lt;/td&gt;&lt;/tr&gt;&lt;tr&gt;&lt;td colspan="3"&gt;&lt;a href="Tematikus.png"&gt;&lt;img src="Tematikus.png" width="800px"&gt;&lt;/a&gt;</msg>
<status status="PASS" starttime="20210927 16:55:10.293" endtime="20210927 16:55:10.585"/>
</kw>
<status status="PASS" starttime="20210927 16:55:10.168" endtime="20210927 16:55:10.585"/>
</kw>
<status status="PASS" starttime="20210927 16:55:03.231" endtime="20210927 16:55:10.585"/>
</iter>
<iter>
<var name="${current_header}">Térképek</var>
<kw name="Sleep" library="BuiltIn">
<arg>2s</arg>
<doc>Pauses the test executed for the given time.</doc>
<msg timestamp="20210927 16:55:12.587" level="INFO">Slept 2 seconds</msg>
<status status="PASS" starttime="20210927 16:55:10.586" endtime="20210927 16:55:12.587"/>
</kw>
<kw name="Execute Javascript" library="Selenium2Library">
<arg>window.scrollTo(${custom_scroll}, 0)</arg>
<doc>Executes the given JavaScript code with possible arguments.</doc>
<msg timestamp="20210927 16:55:12.588" level="INFO">Executing JavaScript:
window.scrollTo(15000, 0)
Without any arguments.</msg>
<status status="PASS" starttime="20210927 16:55:12.587" endtime="20210927 16:55:12.606"/>
</kw>
<kw name="Execute Javascript" library="Selenium2Library">
<arg>window.scrollTo(${custom_scroll}, 0)</arg>
<doc>Executes the given JavaScript code with possible arguments.</doc>
<msg timestamp="20210927 16:55:12.607" level="INFO">Executing JavaScript:
window.scrollTo(15000, 0)
Without any arguments.</msg>
<status status="PASS" starttime="20210927 16:55:12.606" endtime="20210927 16:55:12.617"/>
</kw>
<kw name="Sleep" library="BuiltIn">
<arg>2s</arg>
<doc>Pauses the test executed for the given time.</doc>
<msg timestamp="20210927 16:55:14.632" level="INFO">Slept 2 seconds</msg>
<status status="PASS" starttime="20210927 16:55:12.617" endtime="20210927 16:55:14.632"/>
</kw>
<kw name="Click Element" library="Selenium2Library">
<arg>xpath://a[text()="${current_header}"]</arg>
<doc>Click the element identified by ``locator``.</doc>
<msg timestamp="20210927 16:55:14.633" level="INFO">Clicking element 'xpath://a[text()="Térképek"]'.</msg>
<status status="PASS" starttime="20210927 16:55:14.632" endtime="20210927 16:55:15.602"/>
</kw>
<kw name="Sleep" library="BuiltIn">
<arg>1s</arg>
<doc>Pauses the test executed for the given time.</doc>
<msg timestamp="20210927 16:55:16.613" level="INFO">Slept 1 second</msg>
<status status="PASS" starttime="20210927 16:55:15.602" endtime="20210927 16:55:16.613"/>
</kw>
<kw name="Execute Javascript" library="Selenium2Library">
<arg>window.scrollTo(0, ${custom_scroll})</arg>
<doc>Executes the given JavaScript code with possible arguments.</doc>
<msg timestamp="20210927 16:55:16.614" level="INFO">Executing JavaScript:
window.scrollTo(0, 15000)
Without any arguments.</msg>
<status status="PASS" starttime="20210927 16:55:16.613" endtime="20210927 16:55:16.624"/>
</kw>
<kw name="Sleep" library="BuiltIn">
<arg>1s</arg>
<doc>Pauses the test executed for the given time.</doc>
<msg timestamp="20210927 16:55:17.640" level="INFO">Slept 1 second</msg>
<status status="PASS" starttime="20210927 16:55:16.624" endtime="20210927 16:55:17.640"/>
</kw>
<kw name="Execute Javascript" library="Selenium2Library">
<arg>window.scrollTo(0, ${custom_scroll})</arg>
<doc>Executes the given JavaScript code with possible arguments.</doc>
<msg timestamp="20210927 16:55:17.641" level="INFO">Executing JavaScript:
window.scrollTo(0, 15000)
Without any arguments.</msg>
<status status="PASS" starttime="20210927 16:55:17.640" endtime="20210927 16:55:17.649"/>
</kw>
<kw name="Check footer content" library="Check_footer_content">
<arg>${current_header}</arg>
<for flavor="IN">
<var>${footer_link}</var>
<value>@{page_should_contains}</value>
<iter>
<var name="${footer_link}">Impresszum</var>
<kw name="Page Should Contain" library="Selenium2Library">
<arg>${footer_link}</arg>
<doc>Verifies that current page contains ``text``.</doc>
<msg timestamp="20210927 16:55:17.662" level="INFO">Current page contains text 'Impresszum'.</msg>
<status status="PASS" starttime="20210927 16:55:17.650" endtime="20210927 16:55:17.662"/>
</kw>
<status status="PASS" starttime="20210927 16:55:17.650" endtime="20210927 16:55:17.662"/>
</iter>
<iter>
<var name="${footer_link}">Médiaajánlat</var>
<kw name="Page Should Contain" library="Selenium2Library">
<arg>${footer_link}</arg>
<doc>Verifies that current page contains ``text``.</doc>
<msg timestamp="20210927 16:55:17.674" level="INFO">Current page contains text 'Médiaajánlat'.</msg>
<status status="PASS" starttime="20210927 16:55:17.663" endtime="20210927 16:55:17.674"/>
</kw>
<status status="PASS" starttime="20210927 16:55:17.662" endtime="20210927 16:55:17.674"/>
</iter>
<iter>
<var name="${footer_link}">ÁSZF</var>
<kw name="Page Should Contain" library="Selenium2Library">
<arg>${footer_link}</arg>
<doc>Verifies that current page contains ``text``.</doc>
<msg timestamp="20210927 16:55:17.684" level="INFO">Current page contains text 'ÁSZF'.</msg>
<status status="PASS" starttime="20210927 16:55:17.674" endtime="20210927 16:55:17.684"/>
</kw>
<status status="PASS" starttime="20210927 16:55:17.674" endtime="20210927 16:55:17.684"/>
</iter>
<iter>
<var name="${footer_link}">Adatkezelési Tájékoztató</var>
<kw name="Page Should Contain" library="Selenium2Library">
<arg>${footer_link}</arg>
<doc>Verifies that current page contains ``text``.</doc>
<msg timestamp="20210927 16:55:17.693" level="INFO">Current page contains text 'Adatkezelési Tájékoztató'.</msg>
<status status="PASS" starttime="20210927 16:55:17.684" endtime="20210927 16:55:17.694"/>
</kw>
<status status="PASS" starttime="20210927 16:55:17.684" endtime="20210927 16:55:17.694"/>
</iter>
<iter>
<var name="${footer_link}">Elvihető tartalmak</var>
<kw name="Page Should Contain" library="Selenium2Library">
<arg>${footer_link}</arg>
<doc>Verifies that current page contains ``text``.</doc>
<msg timestamp="20210927 16:55:17.704" level="INFO">Current page contains text 'Elvihető tartalmak'.</msg>
<status status="PASS" starttime="20210927 16:55:17.694" endtime="20210927 16:55:17.704"/>
</kw>
<status status="PASS" starttime="20210927 16:55:17.694" endtime="20210927 16:55:17.704"/>
</iter>
<status status="PASS" starttime="20210927 16:55:17.649" endtime="20210927 16:55:17.704"/>
</for>
<for flavor="IN">
<var>${BIO_link}</var>
<value>@{page_should_contains_link}</value>
<iter>
<var name="${BIO_link}">https://twitter.com/idokep</var>
<kw name="Page Should Contain Link" library="Selenium2Library">
<arg>${BIO_link}</arg>
<doc>Verifies link identified by ``locator`` is found from current page.</doc>
<msg timestamp="20210927 16:55:17.711" level="INFO">Current page contains link 'https://twitter.com/idokep'.</msg>
<status status="PASS" starttime="20210927 16:55:17.705" endtime="20210927 16:55:17.711"/>
</kw>
<status status="PASS" starttime="20210927 16:55:17.705" endtime="20210927 16:55:17.711"/>
</iter>
<iter>
<var name="${BIO_link}">https://www.instagram.com/idokep</var>
<kw name="Page Should Contain Link" library="Selenium2Library">
<arg>${BIO_link}</arg>
<doc>Verifies link identified by ``locator`` is found from current page.</doc>
<msg timestamp="20210927 16:55:17.717" level="INFO">Current page contains link 'https://www.instagram.com/idokep'.</msg>
<status status="PASS" starttime="20210927 16:55:17.711" endtime="20210927 16:55:17.717"/>
</kw>
<status status="PASS" starttime="20210927 16:55:17.711" endtime="20210927 16:55:17.718"/>
</iter>
<iter>
<var name="${BIO_link}">https://www.facebook.com/idokep</var>
<kw name="Page Should Contain Link" library="Selenium2Library">
<arg>${BIO_link}</arg>
<doc>Verifies link identified by ``locator`` is found from current page.</doc>
<msg timestamp="20210927 16:55:17.724" level="INFO">Current page contains link 'https://www.facebook.com/idokep'.</msg>
<status status="PASS" starttime="20210927 16:55:17.718" endtime="20210927 16:55:17.724"/>
</kw>
<status status="PASS" starttime="20210927 16:55:17.718" endtime="20210927 16:55:17.724"/>
</iter>
<status status="PASS" starttime="20210927 16:55:17.705" endtime="20210927 16:55:17.724"/>
</for>
<kw name="Page Should Contain Element" library="Selenium2Library">
<arg>${validity_text}</arg>
<doc>Verifies that element ``locator`` is found on the current page.</doc>
<msg timestamp="20210927 16:55:17.734" level="INFO">Current page contains element 'xpath://*[@class="col-12 text-center text-md-right ik c-r pt-3 pt-md-0"]'.</msg>
<status status="PASS" starttime="20210927 16:55:17.725" endtime="20210927 16:55:17.735"/>
</kw>
<kw name="Capture Page Screenshot" library="Selenium2Library">
<arg>filename=${current_png_name}.png</arg>
<doc>Takes a screenshot of the current page and embeds it into a log file.</doc>
<msg timestamp="20210927 16:55:18.118" level="INFO" html="true">&lt;/td&gt;&lt;/tr&gt;&lt;tr&gt;&lt;td colspan="3"&gt;&lt;a href="T%C3%A9rk%C3%A9pek.png"&gt;&lt;img src="T%C3%A9rk%C3%A9pek.png" width="800px"&gt;&lt;/a&gt;</msg>
<status status="PASS" starttime="20210927 16:55:17.735" endtime="20210927 16:55:18.119"/>
</kw>
<status status="PASS" starttime="20210927 16:55:17.649" endtime="20210927 16:55:18.119"/>
</kw>
<status status="PASS" starttime="20210927 16:55:10.586" endtime="20210927 16:55:18.119"/>
</iter>
<status status="PASS" starttime="20210927 16:54:13.279" endtime="20210927 16:55:18.119"/>
</for>
<status status="PASS" starttime="20210927 16:54:13.279" endtime="20210927 16:55:18.119"/>
</kw>
<kw name="Close browserr" library="Open_browser" type="TEARDOWN">
<kw name="Close Browser" library="Selenium2Library">
<doc>Closes the current browser.</doc>
<status status="PASS" starttime="20210927 16:55:18.120" endtime="20210927 16:55:19.271"/>
</kw>
<status status="PASS" starttime="20210927 16:55:18.120" endtime="20210927 16:55:19.271"/>
</kw>
<status status="PASS" starttime="20210927 16:54:02.987" endtime="20210927 16:55:19.272"/>
</test>
<status status="PASS" starttime="20210927 16:54:02.689" endtime="20210927 16:55:19.273"/>
</suite>
<statistics>
<total>
<stat pass="1" fail="0" skip="0">All Tests</stat>
</total>
<tag>
</tag>
<suite>
<stat pass="1" fail="0" skip="0" id="s1" name="Main testing">Main testing</stat>
</suite>
</statistics>
<errors>
</errors>
</robot>
