<?xml version="1.0" encoding="UTF-8"?>
<robot generator="Robot 4.1 (Python 3.7.0 on win32)" generated="20210920 15:17:07.755" rpa="false" schemaversion="2">
<suite id="s1" name="Main testing" source="C:\Users\bb\Desktop\idok_headers\Idok\Main_testing.robot">
<test id="s1-t1" name="Deselect all cookies">
<kw name="Start browser and maximize" library="Open_browser" type="SETUP">
<arg>${URL}</arg>
<arg>${Browserr}</arg>
<kw name="Open Browser" library="Selenium2Library">
<arg>${URL}</arg>
<arg>${Browserr}</arg>
<doc>Opens a new browser instance to the optional ``url``.</doc>
<msg timestamp="20210920 15:17:08.103" level="INFO">Opening browser 'firefox' to base url 'https://www.idokep.hu/idojaras/Budapest'.</msg>
<msg timestamp="20210920 15:17:08.104" level="INFO">Firefox driver log is always forced to to: C:\Users\bb\Desktop\idok_headers\Idok\log\geckodriver-1.log</msg>
<status status="PASS" starttime="20210920 15:17:08.102" endtime="20210920 15:17:16.941"/>
</kw>
<kw name="Maximize Browser Window" library="Selenium2Library">
<doc>Maximizes current browser window.</doc>
<status status="PASS" starttime="20210920 15:17:16.942" endtime="20210920 15:17:16.947"/>
</kw>
<status status="PASS" starttime="20210920 15:17:08.102" endtime="20210920 15:17:16.947"/>
</kw>
<kw name="Deselect all cookies" library="Accept_cookies">
<kw name="Wait Until Page Contains" library="Selenium2Library">
<arg>${contain_cooki_Preferencies}</arg>
<doc>Waits until ``text`` appears on the current page.</doc>
<status status="PASS" starttime="20210920 15:17:16.948" endtime="20210920 15:17:17.259"/>
</kw>
<kw name="Unselect Checkbox" library="Selenium2Library">
<arg>${cooki_checkbox.beállítások}</arg>
<doc>Removes the selection of checkbox identified by ``locator``.</doc>
<msg timestamp="20210920 15:17:17.261" level="INFO">Unselecting checkbox 'xpath://*[@id="CybotCookiebotDialogBodyLevelButtonPreferences"]'.</msg>
<status status="PASS" starttime="20210920 15:17:17.260" endtime="20210920 15:17:17.525"/>
</kw>
<kw name="Unselect Checkbox" library="Selenium2Library">
<arg>${cooki_checkbox.statisztika}</arg>
<doc>Removes the selection of checkbox identified by ``locator``.</doc>
<msg timestamp="20210920 15:17:17.527" level="INFO">Unselecting checkbox 'xpath://*[@id="CybotCookiebotDialogBodyLevelButtonStatistics"]'.</msg>
<status status="PASS" starttime="20210920 15:17:17.525" endtime="20210920 15:17:17.776"/>
</kw>
<kw name="Unselect Checkbox" library="Selenium2Library">
<arg>${cooki_checkbox.marketing}</arg>
<doc>Removes the selection of checkbox identified by ``locator``.</doc>
<msg timestamp="20210920 15:17:17.777" level="INFO">Unselecting checkbox 'xpath://*[@id="CybotCookiebotDialogBodyLevelButtonMarketing"]'.</msg>
<status status="PASS" starttime="20210920 15:17:17.776" endtime="20210920 15:17:18.011"/>
</kw>
<kw name="Capture Page Screenshot" library="Selenium2Library">
<arg>filename=Deselect_all.png</arg>
<doc>Takes a screenshot of the current page and embeds it into a log file.</doc>
<msg timestamp="20210920 15:17:18.398" level="INFO" html="true">&lt;/td&gt;&lt;/tr&gt;&lt;tr&gt;&lt;td colspan="3"&gt;&lt;a href="Deselect_all.png"&gt;&lt;img src="Deselect_all.png" width="800px"&gt;&lt;/a&gt;</msg>
<status status="PASS" starttime="20210920 15:17:18.011" endtime="20210920 15:17:18.398"/>
</kw>
<kw name="Click Element" library="Selenium2Library">
<arg>${Accept_button}</arg>
<doc>Click the element identified by ``locator``.</doc>
<msg timestamp="20210920 15:17:18.398" level="INFO">Clicking element 'id:CybotCookiebotDialogBodyLevelButtonLevelOptinAllowallSelection'.</msg>
<status status="PASS" starttime="20210920 15:17:18.398" endtime="20210920 15:17:18.627"/>
</kw>
<status status="PASS" starttime="20210920 15:17:16.948" endtime="20210920 15:17:18.627"/>
</kw>
<kw name="Close browserr" library="Open_browser" type="TEARDOWN">
<kw name="Close Browser" library="Selenium2Library">
<doc>Closes the current browser.</doc>
<status status="PASS" starttime="20210920 15:17:18.628" endtime="20210920 15:17:19.652"/>
</kw>
<status status="PASS" starttime="20210920 15:17:18.628" endtime="20210920 15:17:19.652"/>
</kw>
<status status="PASS" starttime="20210920 15:17:08.101" endtime="20210920 15:17:19.653"/>
</test>
<status status="PASS" starttime="20210920 15:17:07.757" endtime="20210920 15:17:19.658"/>
</suite>
<statistics>
<total>
<stat pass="1" fail="0" skip="0">All Tests</stat>
</total>
<tag>
</tag>
<suite>
<stat pass="1" fail="0" skip="0" id="s1" name="Main testing">Main testing</stat>
</suite>
</statistics>
<errors>
</errors>
</robot>
